Flutter crash report; please file at https://github.com/flutter/flutter/issues.

## command

flutter run

## exception

ProcessException: ProcessException: Process "/home/igaurab/Projects/Flutter/UserLocationPlugin/example/android/gradlew" exited abnormally:
Downloading https://services.gradle.org/distributions/gradle-4.10.1-all.zip


Exception in thread "main" java.net.UnknownHostException: services.gradle.org
	at java.net.AbstractPlainSocketImpl.connect(AbstractPlainSocketImpl.java:184)
	at java.net.SocksSocketImpl.connect(SocksSocketImpl.java:392)
	at java.net.Socket.connect(Socket.java:589)
	at sun.security.ssl.SSLSocketImpl.connect(SSLSocketImpl.java:666)
	at sun.security.ssl.BaseSSLSocketImpl.connect(BaseSSLSocketImpl.java:173)
	at sun.net.NetworkClient.doConnect(NetworkClient.java:180)
	at sun.net.www.http.HttpClient.openServer(HttpClient.java:463)
	at sun.net.www.http.HttpClient.openServer(HttpClient.java:558)
	at sun.net.www.protocol.https.HttpsClient.<init>(HttpsClient.java:264)
	at sun.net.www.protocol.https.HttpsClient.New(HttpsClient.java:367)
	at sun.net.www.protocol.https.AbstractDelegateHttpsURLConnection.getNewHttpClient(AbstractDelegateHttpsURLConnection.java:191)
	at sun.net.www.protocol.http.HttpURLConnection.plainConnect0(HttpURLConnection.java:1156)
	at sun.net.www.protocol.http.HttpURLConnection.plainConnect(HttpURLConnection.java:1050)
	at sun.net.www.protocol.https.AbstractDelegateHttpsURLConnection.connect(AbstractDelegateHttpsURLConnection.java:177)
	at sun.net.www.protocol.http.HttpURLConnection.getInputStream0(HttpURLConnection.java:1564)
	at sun.net.www.protocol.http.HttpURLConnection.getInputStream(HttpURLConnection.java:1492)
	at sun.net.www.protocol.https.HttpsURLConnectionImpl.getInputStream(HttpsURLConnectionImpl.java:263)
	at org.gradle.wrapper.Download.downloadInternal(Download.java:58)
	at org.gradle.wrapper.Download.download(Download.java:44)
	at org.gradle.wrapper.Install$1.call(Install.java:61)
	at org.gradle.wrapper.Install$1.call(Install.java:48)
	at org.gradle.wrapper.ExclusiveFileAccessManager.access(ExclusiveFileAccessManager.java:65)
	at org.gradle.wrapper.Install.createDist(Install.java:48)
	at org.gradle.wrapper.WrapperExecutor.execute(WrapperExecutor.java:128)
	at org.gradle.wrapper.GradleWrapperMain.main(GradleWrapperMain.java:61)
  Command: /home/igaurab/Projects/Flutter/UserLocationPlugin/example/android/gradlew -v

```
#0      runCheckedAsync (package:flutter_tools/src/base/process.dart:259:7)
<asynchronous suspension>
#1      _initializeGradle (package:flutter_tools/src/android/gradle.dart:300:9)
<asynchronous suspension>
#2      _ensureGradle (package:flutter_tools/src/android/gradle.dart:281:37)
<asynchronous suspension>
#3      _readGradleProject (package:flutter_tools/src/android/gradle.dart:192:31)
<asynchronous suspension>
#4      _gradleAppProject (package:flutter_tools/src/android/gradle.dart:112:37)
<asynchronous suspension>
#5      getGradleAppOut (package:flutter_tools/src/android/gradle.dart:106:29)
<asynchronous suspension>
#6      AndroidApk.fromAndroidProject (package:flutter_tools/src/application_package.dart:164:23)
<asynchronous suspension>
#7      ApplicationPackageFactory.getPackageForPlatform (package:flutter_tools/src/application_package.dart:46:32)
<asynchronous suspension>
#8      FlutterDevice.runHot (package:flutter_tools/src/resident_runner.dart:359:56)
<asynchronous suspension>
#9      HotRunner.run (package:flutter_tools/src/run_hot.dart:254:39)
<asynchronous suspension>
#10     RunCommand.runCommand (package:flutter_tools/src/commands/run.dart:472:37)
<asynchronous suspension>
#11     FlutterCommand.verifyThenRunCommand (package:flutter_tools/src/runner/flutter_command.dart:490:18)
#12     _asyncThenWrapperHelper.<anonymous closure> (dart:async-patch/async_patch.dart:71:64)
#13     _rootRunUnary (dart:async/zone.dart:1132:38)
#14     _CustomZone.runUnary (dart:async/zone.dart:1029:19)
#15     _FutureListener.handleValue (dart:async/future_impl.dart:137:18)
#16     Future._propagateToListeners.handleValueCallback (dart:async/future_impl.dart:678:45)
#17     Future._propagateToListeners (dart:async/future_impl.dart:707:32)
#18     Future._completeWithValue (dart:async/future_impl.dart:522:5)
#19     _AsyncAwaitCompleter.complete (dart:async-patch/async_patch.dart:30:15)
#20     _completeOnAsyncReturn (dart:async-patch/async_patch.dart:288:13)
#21     RunCommand.usageValues (package:flutter_tools/src/commands/run.dart)
#22     _asyncThenWrapperHelper.<anonymous closure> (dart:async-patch/async_patch.dart:71:64)
#23     _rootRunUnary (dart:async/zone.dart:1132:38)
#24     _CustomZone.runUnary (dart:async/zone.dart:1029:19)
#25     _FutureListener.handleValue (dart:async/future_impl.dart:137:18)
#26     Future._propagateToListeners.handleValueCallback (dart:async/future_impl.dart:678:45)
#27     Future._propagateToListeners (dart:async/future_impl.dart:707:32)
#28     Future._completeWithValue (dart:async/future_impl.dart:522:5)
#29     _AsyncAwaitCompleter.complete (dart:async-patch/async_patch.dart:30:15)
#30     _completeOnAsyncReturn (dart:async-patch/async_patch.dart:288:13)
#31     AndroidDevice.isLocalEmulator (package:flutter_tools/src/android/android_device.dart)
#32     _asyncThenWrapperHelper.<anonymous closure> (dart:async-patch/async_patch.dart:71:64)
#33     _rootRunUnary (dart:async/zone.dart:1132:38)
#34     _CustomZone.runUnary (dart:async/zone.dart:1029:19)
#35     _FutureListener.handleValue (dart:async/future_impl.dart:137:18)
#36     Future._propagateToListeners.handleValueCallback (dart:async/future_impl.dart:678:45)
#37     Future._propagateToListeners (dart:async/future_impl.dart:707:32)
#38     Future._completeWithValue (dart:async/future_impl.dart:522:5)
#39     Future._asyncComplete.<anonymous closure> (dart:async/future_impl.dart:552:7)
#40     _rootRun (dart:async/zone.dart:1124:13)
#41     _CustomZone.run (dart:async/zone.dart:1021:19)
#42     _CustomZone.runGuarded (dart:async/zone.dart:923:7)
#43     _CustomZone.bindCallbackGuarded.<anonymous closure> (dart:async/zone.dart:963:23)
#44     _microtaskLoop (dart:async/schedule_microtask.dart:41:21)
#45     _startMicrotaskLoop (dart:async/schedule_microtask.dart:50:5)
#46     _runPendingImmediateCallback (dart:isolate-patch/isolate_patch.dart:116:13)
#47     _RawReceivePortImpl._handleMessage (dart:isolate-patch/isolate_patch.dart:173:5)
```

## flutter doctor

```
[32m[✓][39m Flutter (Channel stable, v1.9.1+hotfix.4, on Linux, locale en_US.UTF-8)
    [32m•[39m Flutter version 1.9.1+hotfix.4 at /home/igaurab/opt/flutter
    [32m•[39m Framework revision cc949a8e8b (2 weeks ago), 2019-09-27 15:04:59 -0700
    [32m•[39m Engine revision b863200c37
    [32m•[39m Dart version 2.5.0

[32m[✓][39m Android toolchain - develop for Android devices (Android SDK version 29.0.2)
    [32m•[39m Android SDK at /home/igaurab/Android/Sdk
    [32m•[39m Android NDK location not configured (optional; useful for native profiling support)
    [32m•[39m Platform android-29, build-tools 29.0.2
    [32m•[39m Java binary at: /home/igaurab/android-studio/jre/bin/java
    [32m•[39m Java version OpenJDK Runtime Environment (build 1.8.0_202-release-1483-b49-5587405)
    [32m•[39m All Android licenses accepted.

[33m[!][39m Android Studio (version 3.5)
    [32m•[39m Android Studio at /home/igaurab/android-studio
    [31m✗[39m Flutter plugin not installed; this adds Flutter specific functionality.
    [31m✗[39m Dart plugin not installed; this adds Dart specific functionality.
    [32m•[39m Java version OpenJDK Runtime Environment (build 1.8.0_202-release-1483-b49-5587405)

[32m[✓][39m VS Code (version 1.39.1)
    [32m•[39m VS Code at /usr/share/code
    [32m•[39m Flutter extension version 3.5.1

[32m[✓][39m Connected device (1 available)
    [32m•[39m Android SDK built for x86 • emulator-5554 • android-x86 • Android 8.1.0 (API 27) (emulator)

[33m![39m Doctor found issues in 1 category.
```
